2017-03-06 00:05:25,751 WARN  [SoapUI] Missing folder [E:\project_sunline\dev\Copy of client\.\ext] for external libraries
2017-03-06 00:05:25,956 INFO  [DefaultSoapUICore] initialized soapui-settings from [C:\Users\zpl\soapui-settings.xml]
2017-03-06 00:05:26,734 INFO  [SchemaUtils] Added default schema from file:/E:/project_sunline/dev/client/lib/soapui-4.6.1.jar!/com/eviware/soapui/resources/xsds/xop.xsd with targetNamespace http://www.w3.org/2004/08/xop/include
2017-03-06 00:05:26,771 INFO  [SchemaUtils] Added default schema from file:/E:/project_sunline/dev/client/lib/soapui-4.6.1.jar!/com/eviware/soapui/resources/xsds/XMLSchema.xsd with targetNamespace http://www.w3.org/2001/XMLSchema
2017-03-06 00:05:26,772 INFO  [SchemaUtils] Added default schema from file:/E:/project_sunline/dev/client/lib/soapui-4.6.1.jar!/com/eviware/soapui/resources/xsds/xml.xsd with targetNamespace http://www.w3.org/XML/1998/namespace
2017-03-06 00:05:26,774 INFO  [SchemaUtils] Added default schema from file:/E:/project_sunline/dev/client/lib/soapui-4.6.1.jar!/com/eviware/soapui/resources/xsds/swaref.xsd with targetNamespace http://ws-i.org/profiles/basic/1.1/xsd
2017-03-06 00:05:26,775 INFO  [SchemaUtils] Added default schema from file:/E:/project_sunline/dev/client/lib/soapui-4.6.1.jar!/com/eviware/soapui/resources/xsds/xmime200505.xsd with targetNamespace http://www.w3.org/2005/05/xmlmime
2017-03-06 00:05:26,776 INFO  [SchemaUtils] Added default schema from file:/E:/project_sunline/dev/client/lib/soapui-4.6.1.jar!/com/eviware/soapui/resources/xsds/xmime200411.xsd with targetNamespace http://www.w3.org/2004/11/xmlmime
2017-03-06 00:05:26,777 INFO  [SchemaUtils] Added default schema from file:/E:/project_sunline/dev/client/lib/soapui-4.6.1.jar!/com/eviware/soapui/resources/xsds/soapEnvelope.xsd with targetNamespace http://schemas.xmlsoap.org/soap/envelope/
2017-03-06 00:05:26,782 INFO  [SchemaUtils] Added default schema from file:/E:/project_sunline/dev/client/lib/soapui-4.6.1.jar!/com/eviware/soapui/resources/xsds/soapEncoding.xsd with targetNamespace http://schemas.xmlsoap.org/soap/encoding/
2017-03-06 00:05:26,784 INFO  [SchemaUtils] Added default schema from file:/E:/project_sunline/dev/client/lib/soapui-4.6.1.jar!/com/eviware/soapui/resources/xsds/soapEnvelope12.xsd with targetNamespace http://www.w3.org/2003/05/soap-envelope
2017-03-06 00:05:26,788 INFO  [SchemaUtils] Added default schema from file:/E:/project_sunline/dev/client/lib/soapui-4.6.1.jar!/com/eviware/soapui/resources/xsds/soapEncoding12.xsd with targetNamespace http://www.w3.org/2003/05/soap-encoding
2017-03-06 00:05:27,305 INFO  [SchemaUtils] Loading schema types from [http://ws.webxml.com.cn/WebServices/WeatherWebService.asmx?wsdl]
2017-03-06 00:05:27,306 INFO  [SchemaUtils] Getting schema http://ws.webxml.com.cn/WebServices/WeatherWebService.asmx?wsdl
2017-03-06 00:05:27,519 WARN  [SchemaUtils] Error: jar:file:/E:/project_sunline/dev/client/lib/soapui-4.6.1.jar!/com/eviware/soapui/resources/xsds/soapEncoding12.xsd:0: warning: id-idref-idrefs-entity-entities-notation: For compatibility, type 'ID' should only be used for attributes (used for element 'ID@http://www.w3.org/2003/05/soap-encoding').
2017-03-06 00:05:27,520 WARN  [SchemaUtils] Error: jar:file:/E:/project_sunline/dev/client/lib/soapui-4.6.1.jar!/com/eviware/soapui/resources/xsds/soapEncoding12.xsd:0: warning: id-idref-idrefs-entity-entities-notation: For compatibility, type 'IDREF' should only be used for attributes (used for element 'IDREF@http://www.w3.org/2003/05/soap-encoding').
2017-03-06 00:05:27,520 WARN  [SchemaUtils] Error: jar:file:/E:/project_sunline/dev/client/lib/soapui-4.6.1.jar!/com/eviware/soapui/resources/xsds/soapEncoding12.xsd:0: warning: id-idref-idrefs-entity-entities-notation: For compatibility, type 'ENTITY' should only be used for attributes (used for element 'ENTITY@http://www.w3.org/2003/05/soap-encoding').
2017-03-06 00:05:27,520 WARN  [SchemaUtils] Error: jar:file:/E:/project_sunline/dev/client/lib/soapui-4.6.1.jar!/com/eviware/soapui/resources/xsds/soapEncoding12.xsd:0: warning: id-idref-idrefs-entity-entities-notation: For compatibility, type 'IDREFS' should only be used for attributes (used for element 'IDREFS@http://www.w3.org/2003/05/soap-encoding').
2017-03-06 00:05:27,520 WARN  [SchemaUtils] Error: jar:file:/E:/project_sunline/dev/client/lib/soapui-4.6.1.jar!/com/eviware/soapui/resources/xsds/soapEncoding12.xsd:0: warning: id-idref-idrefs-entity-entities-notation: For compatibility, type 'ENTITIES' should only be used for attributes (used for element 'ENTITIES@http://www.w3.org/2003/05/soap-encoding').
2017-03-06 00:05:27,520 WARN  [SchemaUtils] Error: jar:file:/E:/project_sunline/dev/client/lib/soapui-4.6.1.jar!/com/eviware/soapui/resources/xsds/soapEncoding.xsd:0: warning: id-idref-idrefs-entity-entities-notation: For compatibility, type 'ID' should only be used for attributes (used for element 'ID@http://schemas.xmlsoap.org/soap/encoding/').
2017-03-06 00:05:27,520 WARN  [SchemaUtils] Error: jar:file:/E:/project_sunline/dev/client/lib/soapui-4.6.1.jar!/com/eviware/soapui/resources/xsds/soapEncoding.xsd:0: warning: id-idref-idrefs-entity-entities-notation: For compatibility, type 'IDREF' should only be used for attributes (used for element 'IDREF@http://schemas.xmlsoap.org/soap/encoding/').
2017-03-06 00:05:27,520 WARN  [SchemaUtils] Error: jar:file:/E:/project_sunline/dev/client/lib/soapui-4.6.1.jar!/com/eviware/soapui/resources/xsds/soapEncoding.xsd:0: warning: id-idref-idrefs-entity-entities-notation: For compatibility, type 'ENTITY' should only be used for attributes (used for element 'ENTITY@http://schemas.xmlsoap.org/soap/encoding/').
2017-03-06 00:05:27,520 WARN  [SchemaUtils] Error: jar:file:/E:/project_sunline/dev/client/lib/soapui-4.6.1.jar!/com/eviware/soapui/resources/xsds/soapEncoding.xsd:0: warning: id-idref-idrefs-entity-entities-notation: For compatibility, type 'IDREFS' should only be used for attributes (used for element 'IDREFS@http://schemas.xmlsoap.org/soap/encoding/').
2017-03-06 00:05:27,520 WARN  [SchemaUtils] Error: jar:file:/E:/project_sunline/dev/client/lib/soapui-4.6.1.jar!/com/eviware/soapui/resources/xsds/soapEncoding.xsd:0: warning: id-idref-idrefs-entity-entities-notation: For compatibility, type 'ENTITIES' should only be used for attributes (used for element 'ENTITIES@http://schemas.xmlsoap.org/soap/encoding/').
2017-03-06 00:05:27,522 INFO  [WsdlImporter] Finding importer for {http://WebXml.com.cn/}WeatherWebServiceHttpPost
2017-03-06 00:05:27,525 INFO  [WsdlImporter] Missing importer for {http://WebXml.com.cn/}WeatherWebServiceHttpPost
2017-03-06 00:05:27,525 INFO  [WsdlImporter] Finding importer for {http://WebXml.com.cn/}WeatherWebServiceHttpGet
2017-03-06 00:05:27,525 INFO  [WsdlImporter] Missing importer for {http://WebXml.com.cn/}WeatherWebServiceHttpGet
2017-03-06 00:05:27,525 INFO  [WsdlImporter] Finding importer for {http://WebXml.com.cn/}WeatherWebServiceSoap
2017-03-06 00:05:27,525 INFO  [WsdlImporter] Importing binding {http://WebXml.com.cn/}WeatherWebServiceSoap
2017-03-06 00:05:27,546 INFO  [Soap11HttpBindingImporter] importing endpoint http://ws.webxml.com.cn/WebServices/WeatherWebService.asmx
2017-03-06 00:05:27,589 INFO  [Soap11HttpBindingImporter] importing operation getSupportCity
2017-03-06 00:05:27,600 INFO  [Soap11HttpBindingImporter] importing operation getSupportDataSet
2017-03-06 00:05:27,600 INFO  [Soap11HttpBindingImporter] importing operation getSupportProvince
2017-03-06 00:05:27,601 INFO  [Soap11HttpBindingImporter] importing operation getWeatherbyCityName
2017-03-06 00:05:27,601 INFO  [Soap11HttpBindingImporter] importing operation getWeatherbyCityNamePro
2017-03-06 00:05:27,650 INFO  [WsdlImporter] Finding importer for {http://WebXml.com.cn/}WeatherWebServiceSoap12
2017-03-06 00:05:27,651 INFO  [WsdlImporter] Importing binding {http://WebXml.com.cn/}WeatherWebServiceSoap12
2017-03-06 00:05:27,651 INFO  [Soap12HttpBindingImporter] importing endpoint http://ws.webxml.com.cn/WebServices/WeatherWebService.asmx
2017-03-06 00:05:27,651 INFO  [Soap12HttpBindingImporter] importing operation getSupportCity
2017-03-06 00:05:27,652 INFO  [Soap12HttpBindingImporter] importing operation getSupportDataSet
2017-03-06 00:05:27,652 INFO  [Soap12HttpBindingImporter] importing operation getSupportProvince
2017-03-06 00:05:27,652 INFO  [Soap12HttpBindingImporter] importing operation getWeatherbyCityName
2017-03-06 00:05:27,652 INFO  [Soap12HttpBindingImporter] importing operation getWeatherbyCityNamePro
2017-03-06 00:05:27,653 INFO  [WsdlImporter] Finding importer for {http://WebXml.com.cn/}WeatherWebServiceHttpGet
2017-03-06 00:05:27,653 INFO  [WsdlImporter] Missing importer for {http://WebXml.com.cn/}WeatherWebServiceHttpGet
2017-03-06 00:05:27,653 INFO  [WsdlImporter] Finding importer for {http://WebXml.com.cn/}WeatherWebServiceHttpPost
2017-03-06 00:05:27,653 INFO  [WsdlImporter] Missing importer for {http://WebXml.com.cn/}WeatherWebServiceHttpPost
